2025-12-11 13:36:53 - WARNING - LOGIN: …chec pour 'robin' (Utilisateur inconnu).
2025-12-11 13:37:49 - WARNING - LOGIN: …chec pour 'Robin' (Utilisateur inconnu).
2025-12-11 13:41:12 - INFO - INSCRIPTION: Nouvel utilisateur 'robin' crťť.
2025-12-11 13:53:33 - WARNING - INSCRIPTION: Tentative ťchouťe, user 'robin' existe dťjŗ.
2025-12-11 13:54:35 - INFO - INSCRIPTION: Nouvel utilisateur 'Admin' crťť.
2025-12-11 13:56:08 - WARNING - LOGIN: …chec pour 'admin' (Utilisateur inconnu).
2025-12-11 13:56:19 - WARNING - LOGIN: …chec pour 'admin ae' (Utilisateur inconnu).
2025-12-11 13:56:31 - WARNING - LOGIN: …chec pour 'admin' (Utilisateur inconnu).
2025-12-11 13:56:51 - WARNING - LOGIN: …chec pour 'Admin' (Mauvais mot de passe).
2025-12-15 09:48:00 - INFO - INSCRIPTION: Nouvel utilisateur 'caca' crťť.
2025-12-15 09:48:14 - INFO - LOGIN: SuccŤs pour l'utilisateur 'caca'.
2025-12-15 10:51:58 - INFO - LOGIN: SuccŤs pour 'caca'.
2025-12-15 10:54:14 - INFO - LOGIN: SuccŤs pour 'caca'.
2025-12-15 10:56:20 - INFO - LOGIN: SuccŤs pour 'caca'.
2025-12-17 15:39:46 - INFO - LOGIN: SuccŤs pour 'caca'.
2025-12-17 15:39:56 - INFO - ACTION: Produit 3 ajoutť par caca.
2025-12-17 15:40:06 - INFO - ACTION: Produit 4 ajoutť par caca.
2025-12-17 15:40:27 - INFO - ACTION: Produit 5 ajoutť par caca.
2025-12-20 23:14:10 - INFO - LOGIN: SuccŤs pour 'caca'.
2025-12-20 23:23:38 - INFO - LOGOUT: caca dťconnectť.
2025-12-20 23:23:45 - WARNING - LOGIN: …chec pour 'caca' (Mauvais pass).
2025-12-20 23:23:53 - INFO - LOGIN: SuccŤs pour 'caca'.
2025-12-20 23:24:41 - INFO - ACTION: Produit 6 ajoutť par caca.
2025-12-20 23:25:00 - INFO - LOGOUT: caca dťconnectť.
2025-12-20 23:26:09 - INFO - LOGIN: SuccŤs pour 'caca'.
2026-01-01 18:05:00 - WARNING - INSCRIPTION: Refus mot de passe Pwned pour 'zizi' (141287 fois).
